<?xml version="1.0" encoding="UTF-8" ?>
<testsuite tests="3" failures="0" name="com.pluralsight.bookstore.repository.BookRepositoryTest" time="0.601" errors="0" skipped="0">
  <properties>
[...]
</properties>
  <testcase classname="com.pluralsight.bookstore.repository.BookRepositoryTest" name="create" time="0.369"/>
  <testcase classname="com.pluralsight.bookstore.repository.BookRepositoryTest" name="createInvalidBook" time="0.063"/>
  <testcase classname="com.pluralsight.bookstore.repository.BookRepositoryTest" name="findWithInvalidId" time="0.169"/>
</testsuite>